<?xml version="1.0" encoding="UTF-8" standalone="yes"?>
<persistence xmlns="http://java.sun.com/xml/ns/persistence"
	xmlns:xsi="http://www.w3.org/2001/XMLSchema-instance" version="2.0"
	xsi:schemaLocation="http://java.sun.com/xml/ns/persistence http://java.sun.com/xml/ns/persistence/persistence_2_0.xsd">
	<persistence-unit name="visualization-of-ozone-persistence-unit"
		transaction-type="JTA">
		<description>JUnit text H2 DB</description>
		<provider>org.hibernate.ejb.HibernatePersistence</provider>
		<properties>
			<property name="hibernate.archive.autodetection" value="class" />
			<property name="hibernate.dialect" value="org.hibernate.dialect.H2Dialect" />
			<property name="hibernate.connection.driver_class" value="org.h2.Driver" />
			<property name="hibernate.connection.url" value="jdbc:h2:target/h2-1" />
			<property name="hibernate.connection.user" value="sa" />
			<!-- <property name="hibernate.show_sql" value="true"/> -->
			<property name="hibernate.flushMode" value="FLUSH_AUTO" />
			<property name="hibernate.hbm2ddl.auto" value="create-drop" />
		</properties>
	</persistence-unit>
</persistence>
